<?xml version="1.0" encoding="UTF-8"?>
<!-- Generated by org.testng.reporters.JUnitReportReporter -->
<testsuite skipped="0" hostname="DESKTOP-T1TKO85" name="com.basic.selenium.JavaScriptExecutorTest" tests="1" failures="0" timestamp="2022-06-17T19:27:32 IST" time="29.840" errors="0">
  <testcase name="highlight_element_check" time="29.840" classname="com.basic.selenium.JavaScriptExecutorTest"/>
  <system-out/>
</testsuite> <!-- com.basic.selenium.JavaScriptExecutorTest -->
